<?xml version="1.0" encoding="UTF-8"?>
<testng-results ignored="0" total="1" passed="1" failed="0" skipped="0">
  <reporter-output>
  </reporter-output>
  <suite started-at="2024-11-05T15:21:21 SAST" name="Default suite" finished-at="2024-11-05T15:27:00 SAST" duration-ms="338256">
    <groups>
    </groups>
    <test started-at="2024-11-05T15:21:21 SAST" name="Default test" finished-at="2024-11-05T15:27:00 SAST" duration-ms="338256">
      <class name="sample.seleniumPrograme">
        <test-method is-config="true" signature="beforeClass()[pri:0, instance:sample.seleniumPrograme@68c9133c]" started-at="2024-11-05T15:21:21 SAST" name="beforeClass" finished-at="2024-11-05T15:26:46 SAST" duration-ms="324191" status="PASS">
          <reporter-output>
          </reporter-output>
        </test-method> <!-- beforeClass -->
        <test-method signature="fireFoxLaunch()[pri:0, instance:sample.seleniumPrograme@68c9133c]" started-at="2024-11-05T15:26:46 SAST" name="fireFoxLaunch" finished-at="2024-11-05T15:27:00 SAST" duration-ms="14006" status="PASS">
          <reporter-output>
          </reporter-output>
        </test-method> <!-- fireFoxLaunch -->
        <test-method is-config="true" signature="afterClass()[pri:0, instance:sample.seleniumPrograme@68c9133c]" started-at="2024-11-05T15:27:00 SAST" name="afterClass" finished-at="2024-11-05T15:27:00 SAST" duration-ms="1" status="PASS">
          <reporter-output>
          </reporter-output>
        </test-method> <!-- afterClass -->
      </class> <!-- sample.seleniumPrograme -->
    </test> <!-- Default test -->
  </suite> <!-- Default suite -->
</testng-results>
